Flow report for DE1_SoC
Sat Mar 07 20:07:30 2020
Quartus Prime Version 17.0.0 Build 595 04/25/2017 SJ Lite Edition


---------------------
; Table of Contents ;
---------------------
  1. Legal Notice
  2. Flow Summary
  3. Flow Settings
  4. Flow Non-Default Global Settings
  5. Flow Elapsed Time
  6. Flow OS Summary
  7. Flow Log
  8. Flow Messages
  9. Flow Suppressed Messages



----------------
; Legal Notice ;
----------------
Copyright (C) 2017  Intel Corporation. All rights reserved.
Your use of Intel Corporation's design tools, logic functions 
and other software and tools, and its AMPP partner logic 
functions, and any output files from any of the foregoing 
(including device programming or simulation files), and any 
associated documentation or information are expressly subject 
to the terms and conditions of the Intel Program License 
Subscription Agreement, the Intel Quartus Prime License Agreement,
the Intel MegaCore Function License Agreement, or other 
applicable license agreement, including, without limitation, 
that your use is for the sole purpose of programming logic 
devices manufactured by Intel and sold by Intel or its 
authorized distributors.  Please refer to the applicable 
agreement for further details.



+-------------------------------------------------------------------------------+
; Flow Summary                                                                  ;
+---------------------------------+---------------------------------------------+
; Flow Status                     ; Successful - Sat Mar 07 20:06:05 2020       ;
; Quartus Prime Version           ; 17.0.0 Build 595 04/25/2017 SJ Lite Edition ;
; Revision Name                   ; DE1_SoC                                     ;
; Top-level Entity Name           ; DE1_SoC                                     ;
; Family                          ; Cyclone V                                   ;
; Device                          ; 5CSEMA5F31C6                                ;
; Timing Models                   ; Final                                       ;
; Logic utilization (in ALMs)     ; 29,702 / 32,070 ( 93 % )                    ;
; Total registers                 ; 89090                                       ;
; Total pins                      ; 105 / 457 ( 23 % )                          ;
; Total virtual pins              ; 0                                           ;
; Total block memory bits         ; 855,068 / 4,065,280 ( 21 % )                ;
; Total DSP Blocks                ; 54 / 87 ( 62 % )                            ;
; Total HSSI RX PCSs              ; 0                                           ;
; Total HSSI PMA RX Deserializers ; 0                                           ;
; Total HSSI TX PCSs              ; 0                                           ;
; Total HSSI PMA TX Serializers   ; 0                                           ;
; Total PLLs                      ; 1 / 6 ( 17 % )                              ;
; Total DLLs                      ; 0 / 4 ( 0 % )                               ;
+---------------------------------+---------------------------------------------+


+-----------------------------------------+
; Flow Settings                           ;
+-------------------+---------------------+
; Option            ; Setting             ;
+-------------------+---------------------+
; Start date & time ; 03/07/2020 19:50:16 ;
; Main task         ; Compilation         ;
; Revision Name     ; DE1_SoC             ;
+-------------------+---------------------+


+-----------------------------------------------------------------------------------------------------------------------------------------------------------------------------------------------------------------------------------------------------------------------------------------------------------------------------------------------------------+
; Flow Non-Default Global Settings                                                                                                                                                                                                                                                                                                                          ;
+-------------------------------------+------------------------------------------------------------------------------------------------------------------------------------------------------------------------------------------------------------------------------------------------------------------+---------------+---------------+------------------+
; Assignment Name                     ; Value                                                                                                                                                                                                                                                            ; Default Value ; Entity Name   ; Section Id       ;
+-------------------------------------+------------------------------------------------------------------------------------------------------------------------------------------------------------------------------------------------------------------------------------------------------------------+---------------+---------------+------------------+
; COMPILER_SIGNATURE_ID               ; 929350758845.158363941508908                                                                                                                                                                                                                                     ; --            ; --            ; --               ;
; EDA_OUTPUT_DATA_FORMAT              ; None                                                                                                                                                                                                                                                             ; --            ; --            ; eda_simulation   ;
; EDA_TIME_SCALE                      ; 1 ps                                                                                                                                                                                                                                                             ; --            ; --            ; eda_simulation   ;
; ENABLE_SIGNALTAP                    ; On                                                                                                                                                                                                                                                               ; --            ; --            ; --               ;
; MAX_CORE_JUNCTION_TEMP              ; 85                                                                                                                                                                                                                                                               ; --            ; --            ; --               ;
; MESSAGE_DISABLE                     ; 270007                                                                                                                                                                                                                                                           ; --            ; fft_fft_ii_0  ; --               ;
; MIN_CORE_JUNCTION_TEMP              ; 0                                                                                                                                                                                                                                                                ; --            ; --            ; --               ;
; MISC_FILE                           ; fft/synthesis/../fft.cmp                                                                                                                                                                                                                                         ; --            ; --            ; --               ;
; MISC_FILE                           ; fft/synthesis/../../fft.qsys                                                                                                                                                                                                                                     ; --            ; --            ; --               ;
; MISC_FILE                           ; floatingpoint/synthesis/../floatingpoint.cmp                                                                                                                                                                                                                     ; --            ; --            ; --               ;
; MISC_FILE                           ; floatingpoint/synthesis/../../floatingpoint.qsys                                                                                                                                                                                                                 ; --            ; --            ; --               ;
; NUM_PARALLEL_PROCESSORS             ; 2                                                                                                                                                                                                                                                                ; --            ; --            ; --               ;
; PARTITION_COLOR                     ; -- (Not supported for targeted family)                                                                                                                                                                                                                           ; --            ; --            ; Top              ;
; PARTITION_FITTER_PRESERVATION_LEVEL ; -- (Not supported for targeted family)                                                                                                                                                                                                                           ; --            ; --            ; Top              ;
; PARTITION_NETLIST_TYPE              ; -- (Not supported for targeted family)                                                                                                                                                                                                                           ; --            ; --            ; Top              ;
; POWER_BOARD_THERMAL_MODEL           ; None (CONSERVATIVE)                                                                                                                                                                                                                                              ; --            ; --            ; --               ;
; POWER_PRESET_COOLING_SOLUTION       ; 23 MM HEAT SINK WITH 200 LFPM AIRFLOW                                                                                                                                                                                                                            ; --            ; --            ; --               ;
; PROJECT_OUTPUT_DIRECTORY            ; output_files                                                                                                                                                                                                                                                     ; --            ; --            ; --               ;
; SLD_FILE                            ; fft/synthesis/fft.debuginfo                                                                                                                                                                                                                                      ; --            ; --            ; --               ;
; SLD_FILE                            ; floatingpoint/synthesis/floatingpoint.debuginfo                                                                                                                                                                                                                  ; --            ; --            ; --               ;
; SLD_FILE                            ; db/stp1_auto_stripped.stp                                                                                                                                                                                                                                        ; --            ; --            ; --               ;
; SLD_INFO                            ; QSYS_NAME fft HAS_SOPCINFO 1 GENERATION_ID 1582754506                                                                                                                                                                                                            ; --            ; fft           ; --               ;
; SLD_INFO                            ; QSYS_NAME floatingpoint HAS_SOPCINFO 1 GENERATION_ID 1582922474                                                                                                                                                                                                  ; --            ; floatingpoint ; --               ;
; SLD_NODE_CREATOR_ID                 ; 110                                                                                                                                                                                                                                                              ; --            ; --            ; auto_signaltap_0 ;
; SLD_NODE_ENTITY_NAME                ; sld_signaltap                                                                                                                                                                                                                                                    ; --            ; --            ; auto_signaltap_0 ;
; SLD_NODE_PARAMETER_ASSIGNMENT       ; SLD_RAM_BLOCK_TYPE=AUTO                                                                                                                                                                                                                                          ; --            ; --            ; auto_signaltap_0 ;
; SLD_NODE_PARAMETER_ASSIGNMENT       ; SLD_DATA_BITS=72                                                                                                                                                                                                                                                 ; --            ; --            ; auto_signaltap_0 ;
; SLD_NODE_PARAMETER_ASSIGNMENT       ; SLD_TRIGGER_BITS=72                                                                                                                                                                                                                                              ; --            ; --            ; auto_signaltap_0 ;
; SLD_NODE_PARAMETER_ASSIGNMENT       ; SLD_STORAGE_QUALIFIER_BITS=72                                                                                                                                                                                                                                    ; --            ; --            ; auto_signaltap_0 ;
; SLD_NODE_PARAMETER_ASSIGNMENT       ; SLD_NODE_INFO=805334528                                                                                                                                                                                                                                          ; --            ; --            ; auto_signaltap_0 ;
; SLD_NODE_PARAMETER_ASSIGNMENT       ; SLD_POWER_UP_TRIGGER=0                                                                                                                                                                                                                                           ; --            ; --            ; auto_signaltap_0 ;
; SLD_NODE_PARAMETER_ASSIGNMENT       ; SLD_INVERSION_MASK=000000000000000000000000000000000000000000000000000000000000000000000000000000000000000000000000000000000000000000000000000000000000000000000000000000000000000000000000000000000000000000000000000000000000000000000000000000000000000000000 ; --            ; --            ; auto_signaltap_0 ;
; SLD_NODE_PARAMETER_ASSIGNMENT       ; SLD_INVERSION_MASK_LENGTH=237                                                                                                                                                                                                                                    ; --            ; --            ; auto_signaltap_0 ;
; SLD_NODE_PARAMETER_ASSIGNMENT       ; SLD_STORAGE_QUALIFIER_INVERSION_MASK_LENGTH=0                                                                                                                                                                                                                    ; --            ; --            ; auto_signaltap_0 ;
; SLD_NODE_PARAMETER_ASSIGNMENT       ; SLD_SEGMENT_SIZE=128                                                                                                                                                                                                                                             ; --            ; --            ; auto_signaltap_0 ;
; SLD_NODE_PARAMETER_ASSIGNMENT       ; SLD_ATTRIBUTE_MEM_MODE=OFF                                                                                                                                                                                                                                       ; --            ; --            ; auto_signaltap_0 ;
; SLD_NODE_PARAMETER_ASSIGNMENT       ; SLD_STATE_FLOW_USE_GENERATED=0                                                                                                                                                                                                                                   ; --            ; --            ; auto_signaltap_0 ;
; SLD_NODE_PARAMETER_ASSIGNMENT       ; SLD_STATE_BITS=11                                                                                                                                                                                                                                                ; --            ; --            ; auto_signaltap_0 ;
; SLD_NODE_PARAMETER_ASSIGNMENT       ; SLD_BUFFER_FULL_STOP=1                                                                                                                                                                                                                                           ; --            ; --            ; auto_signaltap_0 ;
; SLD_NODE_PARAMETER_ASSIGNMENT       ; SLD_CURRENT_RESOURCE_WIDTH=1                                                                                                                                                                                                                                     ; --            ; --            ; auto_signaltap_0 ;
; SLD_NODE_PARAMETER_ASSIGNMENT       ; SLD_INCREMENTAL_ROUTING=1                                                                                                                                                                                                                                        ; --            ; --            ; auto_signaltap_0 ;
; SLD_NODE_PARAMETER_ASSIGNMENT       ; SLD_TRIGGER_LEVEL=1                                                                                                                                                                                                                                              ; --            ; --            ; auto_signaltap_0 ;
; SLD_NODE_PARAMETER_ASSIGNMENT       ; SLD_SAMPLE_DEPTH=128                                                                                                                                                                                                                                             ; --            ; --            ; auto_signaltap_0 ;
; SLD_NODE_PARAMETER_ASSIGNMENT       ; SLD_TRIGGER_IN_ENABLED=0                                                                                                                                                                                                                                         ; --            ; --            ; auto_signaltap_0 ;
; SLD_NODE_PARAMETER_ASSIGNMENT       ; SLD_TRIGGER_PIPELINE=0                                                                                                                                                                                                                                           ; --            ; --            ; auto_signaltap_0 ;
; SLD_NODE_PARAMETER_ASSIGNMENT       ; SLD_RAM_PIPELINE=0                                                                                                                                                                                                                                               ; --            ; --            ; auto_signaltap_0 ;
; SLD_NODE_PARAMETER_ASSIGNMENT       ; SLD_COUNTER_PIPELINE=0                                                                                                                                                                                                                                           ; --            ; --            ; auto_signaltap_0 ;
; SLD_NODE_PARAMETER_ASSIGNMENT       ; SLD_ADVANCED_TRIGGER_ENTITY=basic,1,                                                                                                                                                                                                                             ; --            ; --            ; auto_signaltap_0 ;
; SLD_NODE_PARAMETER_ASSIGNMENT       ; SLD_TRIGGER_LEVEL_PIPELINE=1                                                                                                                                                                                                                                     ; --            ; --            ; auto_signaltap_0 ;
; SLD_NODE_PARAMETER_ASSIGNMENT       ; SLD_ENABLE_ADVANCED_TRIGGER=0                                                                                                                                                                                                                                    ; --            ; --            ; auto_signaltap_0 ;
; SOPCINFO_FILE                       ; fft/synthesis/../../fft.sopcinfo                                                                                                                                                                                                                                 ; --            ; --            ; --               ;
; SOPCINFO_FILE                       ; floatingpoint/synthesis/../../floatingpoint.sopcinfo                                                                                                                                                                                                             ; --            ; --            ; --               ;
; STATE_MACHINE_PROCESSING            ; User-Encoded                                                                                                                                                                                                                                                     ; Auto          ; --            ; --               ;
; SYNTHESIS_ONLY_QIP                  ; On                                                                                                                                                                                                                                                               ; --            ; --            ; --               ;
; SYNTHESIS_ONLY_QIP                  ; On                                                                                                                                                                                                                                                               ; --            ; --            ; --               ;
; USE_SIGNALTAP_FILE                  ; output_files/stp1.stp                                                                                                                                                                                                                                            ; --            ; --            ; --               ;
+-------------------------------------+------------------------------------------------------------------------------------------------------------------------------------------------------------------------------------------------------------------------------------------------------------------+---------------+---------------+------------------+


+-------------------------------------------------------------------------------------------------------------------------------+
; Flow Elapsed Time                                                                                                             ;
+---------------------------+--------------+-------------------------+---------------------+------------------------------------+
; Module Name               ; Elapsed Time ; Average Processors Used ; Peak Virtual Memory ; Total CPU Time (on all processors) ;
+---------------------------+--------------+-------------------------+---------------------+------------------------------------+
; Analysis & Synthesis      ; 00:03:08     ; 1.2                     ; 6452 MB             ; 00:03:47                           ;
; Fitter                    ; 00:11:34     ; 1.1                     ; 7614 MB             ; 00:19:40                           ;
; Assembler                 ; 00:00:30     ; 1.0                     ; 5398 MB             ; 00:00:28                           ;
; TimeQuest Timing Analyzer ; 00:01:23     ; 1.7                     ; 6253 MB             ; 00:02:15                           ;
; Total                     ; 00:16:35     ; --                      ; --                  ; 00:26:10                           ;
+---------------------------+--------------+-------------------------+---------------------+------------------------------------+


+-----------------------------------------------------------------------------------------+
; Flow OS Summary                                                                         ;
+---------------------------+------------------+------------+------------+----------------+
; Module Name               ; Machine Hostname ; OS Name    ; OS Version ; Processor type ;
+---------------------------+------------------+------------+------------+----------------+
; Analysis & Synthesis      ; DESKTOP-9IPKTFK  ; Windows 10 ; 10.0       ; x86_64         ;
; Fitter                    ; DESKTOP-9IPKTFK  ; Windows 10 ; 10.0       ; x86_64         ;
; Assembler                 ; DESKTOP-9IPKTFK  ; Windows 10 ; 10.0       ; x86_64         ;
; TimeQuest Timing Analyzer ; DESKTOP-9IPKTFK  ; Windows 10 ; 10.0       ; x86_64         ;
+---------------------------+------------------+------------+------------+----------------+


------------
; Flow Log ;
------------
quartus_map --read_settings_files=on --write_settings_files=off DE1_SoC -c DE1_SoC
quartus_fit --read_settings_files=off --write_settings_files=off DE1_SoC -c DE1_SoC
quartus_asm --read_settings_files=off --write_settings_files=off DE1_SoC -c DE1_SoC
quartus_sta DE1_SoC -c DE1_SoC



